<?xml version="1.0" encoding="UTF-8"?>
<!-- Generated by org.testng.reporters.JUnitReportReporter -->
<testsuite skipped="0" hostname="chiran" name="com.crm.qa.util.PracticeExcel" tests="1" failures="0" timestamp="30 Jul 2018 20:57:22 GMT" time="1.309" errors="0">
  <testcase name="readData" time="1.309" classname="com.crm.qa.util.PracticeExcel"/>
</testsuite> <!-- com.crm.qa.util.PracticeExcel -->
