<?xml version="1.0" encoding="UTF-8"?>
<!-- Generated by org.testng.reporters.JUnitReportReporter -->
<testsuite skipped="0" hostname="chiran" name="com.crm.qa.testcases.HomePageTest" tests="3" failures="0" timestamp="01 Aug 2018 18:05:36 GMT" time="37.661" errors="0">
  <testcase name="verifyHomePageTitleTest" time="14.132" classname="com.crm.qa.testcases.HomePageTest"/>
  <testcase name="verifyCorrectUserNameTest" time="11.527" classname="com.crm.qa.testcases.HomePageTest"/>
  <testcase name="verifyContactsLinkTest" time="12.002" classname="com.crm.qa.testcases.HomePageTest"/>
</testsuite> <!-- com.crm.qa.testcases.HomePageTest -->
